04:12:48 **** Build of configuration Debug for project hwil_eth_mb_dos ****
make all 
Building file: ../src/can_drv.c
Invoking: MicroBlaze gcc compiler
mb-gcc -Wall -O0 -g3 -c -fmessage-length=0 -MT"src/can_drv.o" -I/home/temporary/Desktop/ChanghongTemp/ws2/hwil_eth/export/hwil_eth/sw/hwil_eth/mb_dos/bspinclude/include -mlittle-endian -mcpu=v11.0 -mxl-soft-mul -Wl,--no-relax -ffunction-sections -fdata-sections -MMD -MP -MF"src/can_drv.d" -MT"src/can_drv.o" -o "src/can_drv.o" "../src/can_drv.c"
In file included from ../src/can_drv.c:1:
../src/can_drv.h:254:8: warning: parameter names (without types) in function declaration
  254 | struct can_data_frame initialize_can_data_frame(addr1,addr2,addr3,can_addr);
      |        ^~~~~~~~~~~~~~
../src/can_drv.c: In function 'can_set_pin':
../src/can_drv.c:94:22: warning: passing argument 1 of 'write_gpio_1' makes integer from pointer without a cast [-Wint-conversion]
   94 |         write_gpio_1(&regs->control, 0, pin, value);
      |                      ^~~~~~~~~~~~~~
      |                      |
      |                      volatile uint32_t * {aka volatile long unsigned int *}
In file included from ../src/can_drv.h:9:
../src/gpio_drv.h:11:35: note: expected 'uint32_t' {aka 'long unsigned int'} but argument is of type 'volatile uint32_t *' {aka 'volatile long unsigned int *'}
   11 | extern void write_gpio_1(uint32_t addr, uint32_t byte_offset, uint32_t bit_offset, uint8_t value);
      |                          ~~~~~~~~~^~~~
../src/can_drv.c: In function 'can_set_data':
../src/can_drv.c:98:22: warning: passing argument 1 of 'write_gpio_8' makes integer from pointer without a cast [-Wint-conversion]
   98 |         write_gpio_8(&regs->tx_fifo, 0, value);
      |                      ^~~~~~~~~~~~~~
      |                      |
      |                      volatile uint32_t * {aka volatile long unsigned int *}
../src/gpio_drv.h:10:35: note: expected 'uint32_t' {aka 'long unsigned int'} but argument is of type 'volatile uint32_t *' {aka 'volatile long unsigned int *'}
   10 | extern void write_gpio_8(uint32_t addr, uint32_t byte_offset, uint8_t value);
      |                          ~~~~~~~~~^~~~
../src/can_drv.c: In function 'can_read_data':
../src/can_drv.c:103:27: warning: passing argument 1 of 'read_gpio_8' makes integer from pointer without a cast [-Wint-conversion]
  103 |         ret = read_gpio_8(&regs->rx_fifo, 0);
      |                           ^~~~~~~~~~~~~~
      |                           |
      |                           volatile uint32_t * {aka volatile long unsigned int *}
../src/gpio_drv.h:12:37: note: expected 'uint32_t' {aka 'long unsigned int'} but argument is of type 'volatile uint32_t *' {aka 'volatile long unsigned int *'}
   12 | extern uint8_t read_gpio_8(uint32_t addr, uint32_t byte_offset);
      |                            ~~~~~~~~~^~~~
../src/can_drv.c: In function 'can_rxd':
../src/can_drv.c:216:13: warning: variable 'Rxd_data' set but not used [-Wunused-but-set-variable]
  216 |     uint8_t Rxd_data;
      |             ^~~~~~~~
../src/can_drv.c: In function 'initialize_can_data_frame':
../src/can_drv.c:305:23: warning: type of 'addr1' defaults to 'int' [-Wimplicit-int]
  305 | struct can_data_frame initialize_can_data_frame(addr1,addr2,addr3,can_addr) {
      |                       ^~~~~~~~~~~~~~~~~~~~~~~~~
../src/can_drv.c:305:23: warning: type of 'addr2' defaults to 'int' [-Wimplicit-int]
../src/can_drv.c:305:23: warning: type of 'addr3' defaults to 'int' [-Wimplicit-int]
../src/can_drv.c:305:23: warning: type of 'can_addr' defaults to 'int' [-Wimplicit-int]
../src/can_drv.c: In function 'can_rxd_frame':
../src/can_drv.c:328:13: warning: variable 'Rxd_data' set but not used [-Wunused-but-set-variable]
  328 |     uint8_t Rxd_data;
      |             ^~~~~~~~
Finished building: ../src/can_drv.c
 
Building file: ../src/gpio_drv.c
Invoking: MicroBlaze gcc compiler
mb-gcc -Wall -O0 -g3 -c -fmessage-length=0 -MT"src/gpio_drv.o" -I/home/temporary/Desktop/ChanghongTemp/ws2/hwil_eth/export/hwil_eth/sw/hwil_eth/mb_dos/bspinclude/include -mlittle-endian -mcpu=v11.0 -mxl-soft-mul -Wl,--no-relax -ffunction-sections -fdata-sections -MMD -MP -MF"src/gpio_drv.d" -MT"src/gpio_drv.o" -o "src/gpio_drv.o" "../src/gpio_drv.c"
Finished building: ../src/gpio_drv.c
 
Building file: ../src/mb_dos_main.c
Invoking: MicroBlaze gcc compiler
mb-gcc -Wall -O0 -g3 -c -fmessage-length=0 -MT"src/mb_dos_main.o" -I/home/temporary/Desktop/ChanghongTemp/ws2/hwil_eth/export/hwil_eth/sw/hwil_eth/mb_dos/bspinclude/include -mlittle-endian -mcpu=v11.0 -mxl-soft-mul -Wl,--no-relax -ffunction-sections -fdata-sections -MMD -MP -MF"src/mb_dos_main.d" -MT"src/mb_dos_main.o" -o "src/mb_dos_main.o" "../src/mb_dos_main.c"
In file included from ../src/mb_dos_main.c:40:
../src/can_drv.h:254:8: warning: parameter names (without types) in function declaration
  254 | struct can_data_frame initialize_can_data_frame(addr1,addr2,addr3,can_addr);
      |        ^~~~~~~~~~~~~~
../src/mb_dos_main.c: In function 'intc_init':
../src/mb_dos_main.c:48:24: error: 'XPAR_MICROBLAZE_5_AXI_INTC_DEVICE_ID' undeclared (first use in this function); did you mean 'XPAR_BD1_0_MICROBLAZE_5_AXI_INTC_DEVICE_ID'?
   48 | #define INTC_ID        XPAR_MICROBLAZE_5_AXI_INTC_DEVICE_ID
      |                        ^~~~~~~~~~~~~~~~~~~~~~~~~~~~~~~~~~~~
../src/mb_dos_main.c:48:24: note: in definition of macro 'INTC_ID'
   48 | #define INTC_ID        XPAR_MICROBLAZE_5_AXI_INTC_DEVICE_ID
      |                        ^~~~~~~~~~~~~~~~~~~~~~~~~~~~~~~~~~~~
../src/mb_dos_main.c:48:24: note: each undeclared identifier is reported only once for each function it appears in
   48 | #define INTC_ID        XPAR_MICROBLAZE_5_AXI_INTC_DEVICE_ID
      |                        ^~~~~~~~~~~~~~~~~~~~~~~~~~~~~~~~~~~~
../src/mb_dos_main.c:48:24: note: in definition of macro 'INTC_ID'
   48 | #define INTC_ID        XPAR_MICROBLAZE_5_AXI_INTC_DEVICE_ID
      |                        ^~~~~~~~~~~~~~~~~~~~~~~~~~~~~~~~~~~~
../src/mb_dos_main.c: In function 'can_device_init':
../src/mb_dos_main.c:50:24: error: 'XPAR_MB_DOS_CAN_CONTROLLER_S00_AXI_BASEADDR' undeclared (first use in this function); did you mean 'XPAR_BD1_0_MB_DOS_CAN_CONTROLLER_S00_AXI_BASEADDR'?
   50 | #define CAN_0_BASEADDR XPAR_MB_DOS_CAN_CONTROLLER_S00_AXI_BASEADDR
      |                        ^~~~~~~~~~~~~~~~~~~~~~~~~~~~~~~~~~~~~~~~~~~
../src/mb_dos_main.c:50:24: note: in definition of macro 'CAN_0_BASEADDR'
   50 | #define CAN_0_BASEADDR XPAR_MB_DOS_CAN_CONTROLLER_S00_AXI_BASEADDR
      |                        ^~~~~~~~~~~~~~~~~~~~~~~~~~~~~~~~~~~~~~~~~~~
../src/mb_dos_main.c: In function 'gpio_init':
../src/mb_dos_main.c:53:32: error: 'XPAR_MB4_DOS_RCV_BASEADDR' undeclared (first use in this function); did you mean 'XPAR_BD1_0_MB4_DOS_RCV_BASEADDR'?
   53 | #define DOS_CMD_GPIO_DEVICE_ID XPAR_MB4_DOS_RCV_BASEADDR
      |                                ^~~~~~~~~~~~~~~~~~~~~~~~~
../src/mb_dos_main.c:115:34: note: in expansion of macro 'DOS_CMD_GPIO_DEVICE_ID'
  115 |     XGpio_Initialize(&GpioInput, DOS_CMD_GPIO_DEVICE_ID);
      |                                  ^~~~~~~~~~~~~~~~~~~~~~
../src/mb_dos_main.c: In function 'main':
../src/mb_dos_main.c:50:24: error: 'XPAR_MB_DOS_CAN_CONTROLLER_S00_AXI_BASEADDR' undeclared (first use in this function); did you mean 'XPAR_BD1_0_MB_DOS_CAN_CONTROLLER_S00_AXI_BASEADDR'?
   50 | #define CAN_0_BASEADDR XPAR_MB_DOS_CAN_CONTROLLER_S00_AXI_BASEADDR
      |                        ^~~~~~~~~~~~~~~~~~~~~~~~~~~~~~~~~~~~~~~~~~~
../src/mb_dos_main.c:50:24: note: in definition of macro 'CAN_0_BASEADDR'
   50 | #define CAN_0_BASEADDR XPAR_MB_DOS_CAN_CONTROLLER_S00_AXI_BASEADDR
      |                        ^~~~~~~~~~~~~~~~~~~~~~~~~~~~~~~~~~~~~~~~~~~
../src/mb_dos_main.c:130:8: warning: unused variable 'dos_loop_times' [-Wunused-variable]
  130 |    int dos_loop_times;
      |        ^~~~~~~~~~~~~~
make: *** [src/mb_dos_main.o] Error 1
src/subdir.mk:33: recipe for target 'src/mb_dos_main.o' failed

04:12:48 Build Finished (took 214ms)

